<?xml version="1.0" encoding="UTF-8"?>
<testsuite xmlns:xsi="http://www.w3.org/2001/XMLSchema-instance" xsi:noNamespaceSchemaLocation="https://maven.apache.org/surefire/maven-surefire-plugin/xsd/surefire-test-report-3.0.xsd" version="3.0" name="com.generation.acadevmia.AcadevmiaApplicationTests" time="6.492" tests="1" errors="0" skipped="0" failures="0">
  <properties>
[...]
</properties>
  <testcase name="contextLoads" classname="com.generation.acadevmia.AcadevmiaApplicationTests" time="0.945">
    <system-out><![CDATA[18:21:12.815 [main] INFO org.springframework.test.context.support.AnnotationConfigContextLoaderUtils -- Could not detect default configuration classes for test class [com.generation.acadevmia.AcadevmiaApplicationTests]: AcadevmiaApplicationTests does not declare any static, non-private, non-final, nested classes annotated with @Configuration.
18:21:12.938 [main] INFO org.springframework.boot.test.context.SpringBootTestContextBootstrapper -- Found @SpringBootConfiguration com.generation.acadevmia.AcadevmiaApplication for test class com.generation.acadevmia.AcadevmiaApplicationTests
18:21:13.138 [main] INFO org.springframework.boot.devtools.restart.RestartApplicationListener -- Restart disabled due to context in which it is running
&amp#27;[2m2023-11-07T18:21:13.440-05:00&amp#27;[0;39m &amp#27;[32m INFO&amp#27;[0;39m &amp#27;[35m24248&amp#27;[0;39m &amp#27;[2m---&amp#27;[0;39m &amp#27;[2m[           main]&amp#27;[0;39m &amp#27;[36mc.g.acadevmia.AcadevmiaApplicationTests &amp#27;[0;39m &amp#27;[2m:&amp#27;[0;39m Starting AcadevmiaApplicationTests using Java 17.0.9 with PID 24248 (started by valeria in C:\Users\valeria\Desktop\AppWeb_Acadevmia\Api)
&amp#27;[2m2023-11-07T18:21:13.443-05:00&amp#27;[0;39m &amp#27;[32m INFO&amp#27;[0;39m &amp#27;[35m24248&amp#27;[0;39m &amp#27;[2m---&amp#27;[0;39m &amp#27;[2m[           main]&amp#27;[0;39m &amp#27;[36mc.g.acadevmia.AcadevmiaApplicationTests &amp#27;[0;39m &amp#27;[2m:&amp#27;[0;39m No active profile set, falling back to 1 default profile: "default"
&amp#27;[2m2023-11-07T18:21:14.478-05:00&amp#27;[0;39m &amp#27;[32m INFO&amp#27;[0;39m &amp#27;[35m24248&amp#27;[0;39m &amp#27;[2m---&amp#27;[0;39m &amp#27;[2m[           main]&amp#27;[0;39m &amp#27;[36m.s.d.r.c.RepositoryConfigurationDelegate&amp#27;[0;39m &amp#27;[2m:&amp#27;[0;39m Bootstrapping Spring Data MongoDB repositories in DEFAULT mode.
&amp#27;[2m2023-11-07T18:21:14.552-05:00&amp#27;[0;39m &amp#27;[32m INFO&amp#27;[0;39m &amp#27;[35m24248&amp#27;[0;39m &amp#27;[2m---&amp#27;[0;39m &amp#27;[2m[           main]&amp#27;[0;39m &amp#27;[36m.s.d.r.c.RepositoryConfigurationDelegate&amp#27;[0;39m &amp#27;[2m:&amp#27;[0;39m Finished Spring Data repository scanning in 68 ms. Found 5 MongoDB repository interfaces.
&amp#27;[2m2023-11-07T18:21:15.365-05:00&amp#27;[0;39m &amp#27;[32m INFO&amp#27;[0;39m &amp#27;[35m24248&amp#27;[0;39m &amp#27;[2m---&amp#27;[0;39m &amp#27;[2m[           main]&amp#27;[0;39m &amp#27;[36morg.mongodb.driver.client               &amp#27;[0;39m &amp#27;[2m:&amp#27;[0;39m MongoClient with metadata {"driver": {"name": "mongo-java-driver|sync|spring-boot", "version": "4.9.1"}, "os": {"type": "Windows", "name": "Windows 11", "architecture": "amd64", "version": "10.0"}, "platform": "Java/Amazon.com Inc./17.0.9+8-LTS"} created with settings MongoClientSettings{readPreference=primary, writeConcern=WriteConcern{w=majority, wTimeout=null ms, journal=null}, retryWrites=true, retryReads=true, readConcern=ReadConcern{level=null}, credential=MongoCredential{mechanism=null, userName='valeriarubioh', source='admin', password=<hidden>, mechanismProperties=<hidden>}, streamFactoryFactory=null, commandListeners=[io.micrometer.core.instrument.binder.mongodb.MongoMetricsCommandListener@2726a511], codecRegistry=ProvidersCodecRegistry{codecProviders=[ValueCodecProvider{}, BsonValueCodecProvider{}, DBRefCodecProvider{}, DBObjectCodecProvider{}, DocumentCodecProvider{}, CollectionCodecProvider{}, IterableCodecProvider{}, MapCodecProvider{}, GeoJsonCodecProvider{}, GridFSFileCodecProvider{}, Jsr310CodecProvider{}, JsonObjectCodecProvider{}, BsonCodecProvider{}, EnumCodecProvider{}, com.mongodb.client.model.mql.ExpressionCodecProvider@72c9ebfa, com.mongodb.Jep395RecordCodecProvider@686cf8ad]}, loggerSettings=LoggerSettings{maxDocumentLength=1000}, clusterSettings={hosts=[127.0.0.1:27017], srvHost=valeriaprueba.znki8jv.mongodb.net, srvServiceName=mongodb, mode=MULTIPLE, requiredClusterType=REPLICA_SET, requiredReplicaSetName='atlas-sropzg-shard-0', serverSelector='null', clusterListeners='[]', serverSelectionTimeout='30000 ms', localThreshold='30000 ms'}, socketSettings=SocketSettings{connectTimeoutMS=10000, readTimeoutMS=0, receiveBufferSize=0, sendBufferSize=0}, heartbeatSocketSettings=SocketSettings{connectTimeoutMS=10000, readTimeoutMS=10000, receiveBufferSize=0, sendBufferSize=0}, connectionPoolSettings=ConnectionPoolSettings{maxSize=100, minSize=0, maxWaitTimeMS=120000, maxConnectionLifeTimeMS=0, maxConnectionIdleTimeMS=0, maintenanceInitialDelayMS=0, maintenanceFrequencyMS=60000, connectionPoolListeners=[io.micrometer.core.instrument.binder.mongodb.MongoMetricsConnectionPoolListener@747f6c5a], maxConnecting=2}, serverSettings=ServerSettings{heartbeatFrequencyMS=10000, minHeartbeatFrequencyMS=500, serverListeners='[]', serverMonitorListeners='[]'}, sslSettings=SslSettings{enabled=true, invalidHostNameAllowed=false, context=null}, applicationName='null', compressorList=[], uuidRepresentation=JAVA_LEGACY, serverApi=null, autoEncryptionSettings=null, contextProvider=null}
&amp#27;[2m2023-11-07T18:21:15.428-05:00&amp#27;[0;39m &amp#27;[32m INFO&amp#27;[0;39m &amp#27;[35m24248&amp#27;[0;39m &amp#27;[2m---&amp#27;[0;39m &amp#27;[2m[8jv.mongodb.net]&amp#27;[0;39m &amp#27;[36morg.mongodb.driver.cluster              &amp#27;[0;39m &amp#27;[2m:&amp#27;[0;39m Adding discovered server ac-tro3qq2-shard-00-01.znki8jv.mongodb.net:27017 to client view of cluster
&amp#27;[2m2023-11-07T18:21:15.467-05:00&amp#27;[0;39m &amp#27;[32m INFO&amp#27;[0;39m &amp#27;[35m24248&amp#27;[0;39m &amp#27;[2m---&amp#27;[0;39m &amp#27;[2m[8jv.mongodb.net]&amp#27;[0;39m &amp#27;[36morg.mongodb.driver.cluster              &amp#27;[0;39m &amp#27;[2m:&amp#27;[0;39m Adding discovered server ac-tro3qq2-shard-00-00.znki8jv.mongodb.net:27017 to client view of cluster
&amp#27;[2m2023-11-07T18:21:15.469-05:00&amp#27;[0;39m &amp#27;[32m INFO&amp#27;[0;39m &amp#27;[35m24248&amp#27;[0;39m &amp#27;[2m---&amp#27;[0;39m &amp#27;[2m[8jv.mongodb.net]&amp#27;[0;39m &amp#27;[36morg.mongodb.driver.cluster              &amp#27;[0;39m &amp#27;[2m:&amp#27;[0;39m Adding discovered server ac-tro3qq2-shard-00-02.znki8jv.mongodb.net:27017 to client view of cluster
&amp#27;[2m2023-11-07T18:21:16.470-05:00&amp#27;[0;39m &amp#27;[32m INFO&amp#27;[0;39m &amp#27;[35m24248&amp#27;[0;39m &amp#27;[2m---&amp#27;[0;39m &amp#27;[2m[ngodb.net:27017]&amp#27;[0;39m &amp#27;[36morg.mongodb.driver.cluster              &amp#27;[0;39m &amp#27;[2m:&amp#27;[0;39m Monitor thread successfully connected to server with description ServerDescription{address=ac-tro3qq2-shard-00-01.znki8jv.mongodb.net:27017, type=REPLICA_SET_PRIMARY, state=CONNECTED, ok=true, minWireVersion=0, maxWireVersion=17, maxDocumentSize=16777216, logicalSessionTimeoutMinutes=30, roundTripTimeNanos=598861000, setName='atlas-sropzg-shard-0', canonicalAddress=ac-tro3qq2-shard-00-01.znki8jv.mongodb.net:27017, hosts=[ac-tro3qq2-shard-00-00.znki8jv.mongodb.net:27017, ac-tro3qq2-shard-00-01.znki8jv.mongodb.net:27017, ac-tro3qq2-shard-00-02.znki8jv.mongodb.net:27017], passives=[], arbiters=[], primary='ac-tro3qq2-shard-00-01.znki8jv.mongodb.net:27017', tagSet=TagSet{[Tag{name='nodeType', value='ELECTABLE'}, Tag{name='provider', value='AZURE'}, Tag{name='region', value='CANADA_CENTRAL'}, Tag{name='workloadType', value='OPERATIONAL'}]}, electionId=7fffffff000000000000006a, setVersion=3, topologyVersion=TopologyVersion{processId=65316359ed3a4f355678f14f, counter=13}, lastWriteDate=Tue Nov 07 18:21:15 COT 2023, lastUpdateTimeNanos=262457473802200}
&amp#27;[2m2023-11-07T18:21:16.471-05:00&amp#27;[0;39m &amp#27;[32m INFO&amp#27;[0;39m &amp#27;[35m24248&amp#27;[0;39m &amp#27;[2m---&amp#27;[0;39m &amp#27;[2m[ngodb.net:27017]&amp#27;[0;39m &amp#27;[36morg.mongodb.driver.cluster              &amp#27;[0;39m &amp#27;[2m:&amp#27;[0;39m Monitor thread successfully connected to server with description ServerDescription{address=ac-tro3qq2-shard-00-00.znki8jv.mongodb.net:27017, type=REPLICA_SET_SECONDARY, state=CONNECTED, ok=true, minWireVersion=0, maxWireVersion=17, maxDocumentSize=16777216, logicalSessionTimeoutMinutes=30, roundTripTimeNanos=594227500, setName='atlas-sropzg-shard-0', canonicalAddress=ac-tro3qq2-shard-00-00.znki8jv.mongodb.net:27017, hosts=[ac-tro3qq2-shard-00-00.znki8jv.mongodb.net:27017, ac-tro3qq2-shard-00-01.znki8jv.mongodb.net:27017, ac-tro3qq2-shard-00-02.znki8jv.mongodb.net:27017], passives=[], arbiters=[], primary='ac-tro3qq2-shard-00-01.znki8jv.mongodb.net:27017', tagSet=TagSet{[Tag{name='nodeType', value='ELECTABLE'}, Tag{name='provider', value='AZURE'}, Tag{name='region', value='CANADA_CENTRAL'}, Tag{name='workloadType', value='OPERATIONAL'}]}, electionId=null, setVersion=3, topologyVersion=TopologyVersion{processId=653162677dd2a5e0fbe21bea, counter=14}, lastWriteDate=Tue Nov 07 18:21:15 COT 2023, lastUpdateTimeNanos=262457473906799}
&amp#27;[2m2023-11-07T18:21:16.471-05:00&amp#27;[0;39m &amp#27;[32m INFO&amp#27;[0;39m &amp#27;[35m24248&amp#27;[0;39m &amp#27;[2m---&amp#27;[0;39m &amp#27;[2m[ngodb.net:27017]&amp#27;[0;39m &amp#27;[36morg.mongodb.driver.cluster              &amp#27;[0;39m &amp#27;[2m:&amp#27;[0;39m Monitor thread successfully connected to server with description ServerDescription{address=ac-tro3qq2-shard-00-02.znki8jv.mongodb.net:27017, type=REPLICA_SET_SECONDARY, state=CONNECTED, ok=true, minWireVersion=0, maxWireVersion=17, maxDocumentSize=16777216, logicalSessionTimeoutMinutes=30, roundTripTimeNanos=596070000, setName='atlas-sropzg-shard-0', canonicalAddress=ac-tro3qq2-shard-00-02.znki8jv.mongodb.net:27017, hosts=[ac-tro3qq2-shard-00-00.znki8jv.mongodb.net:27017, ac-tro3qq2-shard-00-01.znki8jv.mongodb.net:27017, ac-tro3qq2-shard-00-02.znki8jv.mongodb.net:27017], passives=[], arbiters=[], primary='ac-tro3qq2-shard-00-01.znki8jv.mongodb.net:27017', tagSet=TagSet{[Tag{name='nodeType', value='ELECTABLE'}, Tag{name='provider', value='AZURE'}, Tag{name='region', value='CANADA_CENTRAL'}, Tag{name='workloadType', value='OPERATIONAL'}]}, electionId=null, setVersion=3, topologyVersion=TopologyVersion{processId=653164845c116fa474b04ffb, counter=10}, lastWriteDate=Tue Nov 07 18:21:15 COT 2023, lastUpdateTimeNanos=262457473802200}
&amp#27;[2m2023-11-07T18:21:16.475-05:00&amp#27;[0;39m &amp#27;[32m INFO&amp#27;[0;39m &amp#27;[35m24248&amp#27;[0;39m &amp#27;[2m---&amp#27;[0;39m &amp#27;[2m[ngodb.net:27017]&amp#27;[0;39m &amp#27;[36morg.mongodb.driver.cluster              &amp#27;[0;39m &amp#27;[2m:&amp#27;[0;39m Discovered replica set primary ac-tro3qq2-shard-00-01.znki8jv.mongodb.net:27017 with max election id 7fffffff000000000000006a and max set version 3
&amp#27;[2m2023-11-07T18:21:16.787-05:00&amp#27;[0;39m &amp#27;[32m INFO&amp#27;[0;39m &amp#27;[35m24248&amp#27;[0;39m &amp#27;[2m---&amp#27;[0;39m &amp#27;[2m[           main]&amp#27;[0;39m &amp#27;[36mo.s.s.web.DefaultSecurityFilterChain    &amp#27;[0;39m &amp#27;[2m:&amp#27;[0;39m Will secure any request with [org.springframework.security.web.session.DisableEncodeUrlFilter@2e1ba142, org.springframework.security.web.context.request.async.WebAsyncManagerIntegrationFilter@abc7005, org.springframework.security.web.context.SecurityContextHolderFilter@23ec2bdc, org.springframework.security.web.header.HeaderWriterFilter@4c50cd7d, org.springframework.security.web.authentication.logout.LogoutFilter@248d3a, com.generation.acadevmia.security.jwt.AuthTokenFilter@595ec862, org.springframework.security.web.savedrequest.RequestCacheAwareFilter@3d132bb6, org.springframework.security.web.servletapi.SecurityContextHolderAwareRequestFilter@225e09f0, org.springframework.security.web.authentication.AnonymousAuthenticationFilter@63c84d31, org.springframework.security.web.session.SessionManagementFilter@448086ab, org.springframework.security.web.access.ExceptionTranslationFilter@e49437, org.springframework.security.web.access.intercept.AuthorizationFilter@6e794f53]
&amp#27;[2m2023-11-07T18:21:17.974-05:00&amp#27;[0;39m &amp#27;[32m INFO&amp#27;[0;39m &amp#27;[35m24248&amp#27;[0;39m &amp#27;[2m---&amp#27;[0;39m &amp#27;[2m[           main]&amp#27;[0;39m &amp#27;[36mo.s.b.a.e.web.EndpointLinksResolver     &amp#27;[0;39m &amp#27;[2m:&amp#27;[0;39m Exposing 1 endpoint(s) beneath base path '/actuator'
&amp#27;[2m2023-11-07T18:21:18.077-05:00&amp#27;[0;39m &amp#27;[32m INFO&amp#27;[0;39m &amp#27;[35m24248&amp#27;[0;39m &amp#27;[2m---&amp#27;[0;39m &amp#27;[2m[           main]&amp#27;[0;39m &amp#27;[36mc.g.acadevmia.AcadevmiaApplicationTests &amp#27;[0;39m &amp#27;[2m:&amp#27;[0;39m Started AcadevmiaApplicationTests in 4.954 seconds (process running for 6.37)
]]></system-out>
  </testcase>
</testsuite>